<?xml version="1.0" encoding="UTF-8"?>
<!-- Generated by org.testng.reporters.JUnitXMLReporter -->
<testsuite ignored="0" hostname="LAPTOP-RJ9EV7JT" failures="0" tests="2" name="Test" time="38.718" errors="0" timestamp="2023-03-27T14:45:10 IST">
  <testcase classname="TestNgPackForLacoste.VerifyWelComePage" name="VerifyForHerButtonOnWelComePage" time="2.024"/>
  <testcase classname="TestNgPackForLacoste.VerifyMainPage" name="VerifyTittlePresentOnTheMainPage" time="3.587"/>
</testsuite> <!-- Test -->
